<?xml version="1.0" encoding="UTF-8"?>
<!-- Generated by org.testng.reporters.JUnitReportReporter -->
<testsuite hostname="Vamsi" failures="0" tests="1" name="frameDemo.WithoutSendKey" time="15.234" errors="1" timestamp="2021-06-08T07:22:25 CDT" skipped="0">
  <testcase classname="frameDemo.WithoutSendKey" name="sendkeys" time="15.234">
    <error message="session not created: This version of ChromeDriver only supports Chrome version 89
Current browser version is 91.0.4472.77 with binary path C:\Program Files (x86)\Google\Chrome\Application\chrome.exe
Build info: version: &#039;3.141.59&#039;, revision: &#039;e82be7d358&#039;, time: &#039;2018-11-14T08:25:53&#039;
System info: host: &#039;VAMSI&#039;, ip: &#039;192.168.55.104&#039;, os.name: &#039;Windows 8&#039;, os.arch: &#039;amd64&#039;, os.version: &#039;6.2&#039;, java.version: &#039;15.0.1&#039;
Driver info: driver.version: ChromeDriver
remote stacktrace: Backtrace:
	Ordinal0 [0x0121E7D3+124883]
	Ordinal0 [0x0121E7B1+124849]
	GetHandleVerifier [0x01468688+193832]
	GetHandleVerifier [0x01483AC5+305509]
	GetHandleVerifier [0x0148021B+291003]
	GetHandleVerifier [0x0147E0AC+282444]
	GetHandleVerifier [0x014A4A90+440624]
	GetHandleVerifier [0x014A47FC+439964]
	GetHandleVerifier [0x014A154B+426987]
	GetHandleVerifier [0x01484FFD+310941]
	GetHandleVerifier [0x01485D8E+314414]
	GetHandleVerifier [0x01485D19+314297]
	GetHandleVerifier [0x015431EC+1089676]
	GetHandleVerifier [0x015417C9+1082985]
	GetHandleVerifier [0x015413A3+1081923]
	GetHandleVerifier [0x0163D9FD+2115741]
	Ordinal0 [0x0136B82E+1488942]
	Ordinal0 [0x01305A7D+1071741]
	Ordinal0 [0x0130559B+1070491]
	Ordinal0 [0x013054B1+1070257]
	Ordinal0 [0x0133FF53+1310547]
	BaseThreadInitThunk [0x771086E3+14]
	RtlInitializeExceptionChain [0x77E4BD99+133]
	RtlInitializeExceptionChain [0x77E4BD6C+88]
" type="org.openqa.selenium.SessionNotCreatedException">
      <![CDATA[org.openqa.selenium.SessionNotCreatedException: session not created: This version of ChromeDriver only supports Chrome version 89
Current browser version is 91.0.4472.77 with binary path C:\Program Files (x86)\Google\Chrome\Application\chrome.exe
Build info: version: '3.141.59', revision: 'e82be7d358', time: '2018-11-14T08:25:53'
System info: host: 'VAMSI', ip: '192.168.55.104', os.name: 'Windows 8', os.arch: 'amd64', os.version: '6.2', java.version: '15.0.1'
Driver info: driver.version: ChromeDriver
remote stacktrace: Backtrace:
Ordinal0 [0x0121E7D3+124883]
Ordinal0 [0x0121E7B1+124849]
GetHandleVerifier [0x01468688+193832]
GetHandleVerifier [0x01483AC5+305509]
GetHandleVerifier [0x0148021B+291003]
GetHandleVerifier [0x0147E0AC+282444]
GetHandleVerifier [0x014A4A90+440624]
GetHandleVerifier [0x014A47FC+439964]
GetHandleVerifier [0x014A154B+426987]
GetHandleVerifier [0x01484FFD+310941]
GetHandleVerifier [0x01485D8E+314414]
GetHandleVerifier [0x01485D19+314297]
GetHandleVerifier [0x015431EC+1089676]
GetHandleVerifier [0x015417C9+1082985]
GetHandleVerifier [0x015413A3+1081923]
GetHandleVerifier [0x0163D9FD+2115741]
Ordinal0 [0x0136B82E+1488942]
Ordinal0 [0x01305A7D+1071741]
Ordinal0 [0x0130559B+1070491]
Ordinal0 [0x013054B1+1070257]
Ordinal0 [0x0133FF53+1310547]
BaseThreadInitThunk [0x771086E3+14]
RtlInitializeExceptionChain [0x77E4BD99+133]
RtlInitializeExceptionChain [0x77E4BD6C+88]

at java.base/jdk.internal.reflect.NativeConstructorAccessorImpl.newInstance0(Native Method)
at java.base/jdk.internal.reflect.NativeConstructorAccessorImpl.newInstance(NativeConstructorAccessorImpl.java:64)
at java.base/jdk.internal.reflect.DelegatingConstructorAccessorImpl.newInstance(DelegatingConstructorAccessorImpl.java:45)
at java.base/java.lang.reflect.Constructor.newInstanceWithCaller(Constructor.java:500)
at java.base/java.lang.reflect.Constructor.newInstance(Constructor.java:481)
at org.openqa.selenium.remote.W3CHandshakeResponse.lambda$errorHandler$0(W3CHandshakeResponse.java:62)
at org.openqa.selenium.remote.HandshakeResponse.lambda$getResponseFunction$0(HandshakeResponse.java:30)
at org.openqa.selenium.remote.ProtocolHandshake.lambda$createSession$0(ProtocolHandshake.java:126)
at java.base/java.util.stream.ReferencePipeline$3$1.accept(ReferencePipeline.java:195)
at java.base/java.util.Spliterators$ArraySpliterator.tryAdvance(Spliterators.java:958)
at java.base/java.util.stream.ReferencePipeline.forEachWithCancel(ReferencePipeline.java:127)
at java.base/java.util.stream.AbstractPipeline.copyIntoWithCancel(AbstractPipeline.java:502)
at java.base/java.util.stream.AbstractPipeline.copyInto(AbstractPipeline.java:488)
at java.base/java.util.stream.AbstractPipeline.wrapAndCopyInto(AbstractPipeline.java:474)
at java.base/java.util.stream.FindOps$FindOp.evaluateSequential(FindOps.java:150)
at java.base/java.util.stream.AbstractPipeline.evaluate(AbstractPipeline.java:234)
at java.base/java.util.stream.ReferencePipeline.findFirst(ReferencePipeline.java:543)
at org.openqa.selenium.remote.ProtocolHandshake.createSession(ProtocolHandshake.java:128)
at org.openqa.selenium.remote.ProtocolHandshake.createSession(ProtocolHandshake.java:74)
at org.openqa.selenium.remote.HttpCommandExecutor.execute(HttpCommandExecutor.java:136)
at org.openqa.selenium.remote.service.DriverCommandExecutor.execute(DriverCommandExecutor.java:83)
at org.openqa.selenium.remote.RemoteWebDriver.execute(RemoteWebDriver.java:552)
at org.openqa.selenium.remote.RemoteWebDriver.startSession(RemoteWebDriver.java:213)
at org.openqa.selenium.remote.RemoteWebDriver.<init>(RemoteWebDriver.java:131)
at org.openqa.selenium.chrome.ChromeDriver.<init>(ChromeDriver.java:181)
at org.openqa.selenium.chrome.ChromeDriver.<init>(ChromeDriver.java:168)
at org.openqa.selenium.chrome.ChromeDriver.<init>(ChromeDriver.java:123)
at frameDemo.WithoutSendKey.sendkeys(WithoutSendKey.java:22)
at java.base/jdk.internal.reflect.NativeMethodAccessorImpl.invoke0(Native Method)
at java.base/jdk.internal.reflect.NativeMethodAccessorImpl.invoke(NativeMethodAccessorImpl.java:64)
at java.base/jdk.internal.reflect.DelegatingMethodAccessorImpl.invoke(DelegatingMethodAccessorImpl.java:43)
at java.base/java.lang.reflect.Method.invoke(Method.java:564)
at org.testng.internal.MethodInvocationHelper.invokeMethod(MethodInvocationHelper.java:132)
at org.testng.internal.TestInvoker.invokeMethod(TestInvoker.java:599)
at org.testng.internal.TestInvoker.invokeTestMethod(TestInvoker.java:174)
at org.testng.internal.MethodRunner.runInSequence(MethodRunner.java:46)
at org.testng.internal.TestInvoker$MethodInvocationAgent.invoke(TestInvoker.java:822)
at org.testng.internal.TestInvoker.invokeTestMethods(TestInvoker.java:147)
at org.testng.internal.TestMethodWorker.invokeTestMethods(TestMethodWorker.java:146)
at org.testng.internal.TestMethodWorker.run(TestMethodWorker.java:128)
at java.base/java.util.ArrayList.forEach(ArrayList.java:1511)
at org.testng.TestRunner.privateRun(TestRunner.java:764)
at org.testng.TestRunner.run(TestRunner.java:585)
at org.testng.SuiteRunner.runTest(SuiteRunner.java:384)
at org.testng.SuiteRunner.runSequentially(SuiteRunner.java:378)
at org.testng.SuiteRunner.privateRun(SuiteRunner.java:337)
at org.testng.SuiteRunner.run(SuiteRunner.java:286)
at org.testng.SuiteRunnerWorker.runSuite(SuiteRunnerWorker.java:53)
at org.testng.SuiteRunnerWorker.run(SuiteRunnerWorker.java:96)
at org.testng.TestNG.runSuitesSequentially(TestNG.java:1218)
at org.testng.TestNG.runSuitesLocally(TestNG.java:1140)
at org.testng.TestNG.runSuites(TestNG.java:1069)
at org.testng.TestNG.run(TestNG.java:1037)
at org.testng.remote.AbstractRemoteTestNG.run(AbstractRemoteTestNG.java:115)
at org.testng.remote.RemoteTestNG.initAndRun(RemoteTestNG.java:251)
at org.testng.remote.RemoteTestNG.main(RemoteTestNG.java:77)
]]>
    </error>
  </testcase> <!-- sendkeys -->
  <system-out/>
</testsuite> <!-- frameDemo.WithoutSendKey -->
